# JRE version: OpenJDK Runtime Environment Temurin-21.0.10+7 (21.0.10+7) (build 21.0.10+7-LTS)
# Java VM: OpenJDK 64-Bit Server VM Temurin-21.0.10+7 (21.0.10+7-LTS, mixed mode, sharing, tiered, compressed oops, compressed class ptrs, parallel gc, windows-amd64)
GC Precious Log:
 CardTable entry size: 512
 CPUs: 8 total, 8 available
 Memory: 8016M
 Large Page Support: Disabled
 NUMA Support: Disabled
 Compressed Oops: Enabled (32-bit)
 Alignments: Space 512K, Generation 512K, Heap 2M
 Heap Min Capacity: 100M
 Heap Initial Capacity: 100M
 Heap Max Capacity: 2G
 Pre-touch: Disabled
 Parallel Workers: 8
Heap:
 PSYoungGen      total 23040K, used 9381K [0x00000000d5580000, 0x00000000d6d80000, 0x0000000100000000)
  eden space 21504K, 37% used [0x00000000d5580000,0x00000000d5d53aa8,0x00000000d6a80000)
  from space 1536K, 88% used [0x00000000d6a80000,0x00000000d6bd59f0,0x00000000d6c00000)
  to   space 1536K, 0% used [0x00000000d6c00000,0x00000000d6c00000,0x00000000d6d80000)
 ParOldGen       total 68608K, used 23906K [0x0000000080000000, 0x0000000084300000, 0x00000000d5580000)
  object space 68608K, 34% used [0x0000000080000000,0x0000000081758b28,0x0000000084300000)
 Metaspace       used 48750K, committed 49792K, reserved 1114112K
  class space    used 5334K, committed 5760K, reserved 1048576K
GC Heap History (20 events):
Event: 12.178 GC heap before
{Heap before GC invocations=14 (full 1):
 PSYoungGen      total 23552K, used 23545K [0x00000000d5580000, 0x00000000d7100000, 0x0000000100000000)
  eden space 22016K, 100% used [0x00000000d5580000,0x00000000d6b00000,0x00000000d6b00000)
  from space 1536K, 99% used [0x00000000d6f00000,0x00000000d707e640,0x00000000d7080000)
  to   space 3072K, 0% used [0x00000000d6b00000,0x00000000d6b00000,0x00000000d6e00000)
 ParOldGen       total 68608K, used 14875K [0x0000000080000000, 0x0000000084300000, 0x00000000d5580000)
  object space 68608K, 21% used [0x0000000080000000,0x0000000080e86e30,0x0000000084300000)
 Metaspace       used 31216K, committed 32256K, reserved 1114112K
  class space    used 3085K, committed 3520K, reserved 1048576K
}
Event: 12.182 GC heap after
{Heap after GC invocations=14 (full 1):
 PSYoungGen      total 23552K, used 1269K [0x00000000d5580000, 0x00000000d6f80000, 0x0000000100000000)
  eden space 22016K, 0% used [0x00000000d5580000,0x00000000d5580000,0x00000000d6b00000)
  from space 1536K, 82% used [0x00000000d6b00000,0x00000000d6c3d4f8,0x00000000d6c80000)
  to   space 2048K, 0% used [0x00000000d6d80000,0x00000000d6d80000,0x00000000d6f80000)
 ParOldGen       total 68608K, used 16280K [0x0000000080000000, 0x0000000084300000, 0x00000000d5580000)
  object space 68608K, 23% used [0x0000000080000000,0x0000000080fe63b0,0x0000000084300000)
 Metaspace       used 31216K, committed 32256K, reserved 1114112K
  class space    used 3085K, committed 3520K, reserved 1048576K
}
Event: 12.394 GC heap before
{Heap before GC invocations=15 (full 1):
 PSYoungGen      total 23552K, used 23285K [0x00000000d5580000, 0x00000000d6f80000, 0x0000000100000000)
  eden space 22016K, 100% used [0x00000000d5580000,0x00000000d6b00000,0x00000000d6b00000)
  from space 1536K, 82% used [0x00000000d6b00000,0x00000000d6c3d4f8,0x00000000d6c80000)
  to   space 2048K, 0% used [0x00000000d6d80000,0x00000000d6d80000,0x00000000d6f80000)
 ParOldGen       total 68608K, used 16280K [0x0000000080000000, 0x0000000084300000, 0x00000000d5580000)
  object space 68608K, 23% used [0x0000000080000000,0x0000000080fe63b0,0x0000000084300000)
 Metaspace       used 34511K, committed 35584K, reserved 1114112K
  class space    used 3516K, committed 3968K, reserved 1048576K
}
Event: 12.398 GC heap after
{Heap after GC invocations=15 (full 1):
 PSYoungGen      total 23552K, used 1408K [0x00000000d5580000, 0x00000000d6f00000, 0x0000000100000000)
  eden space 22016K, 0% used [0x00000000d5580000,0x00000000d5580000,0x00000000d6b00000)
  from space 1536K, 91% used [0x00000000d6d80000,0x00000000d6ee01d0,0x00000000d6f00000)
  to   space 1536K, 0% used [0x00000000d6b00000,0x00000000d6b00000,0x00000000d6c80000)
 ParOldGen       total 68608K, used 17316K [0x0000000080000000, 0x0000000084300000, 0x00000000d5580000)
  object space 68608K, 25% used [0x0000000080000000,0x00000000810e9158,0x0000000084300000)
 Metaspace       used 34511K, committed 35584K, reserved 1114112K
  class space    used 3516K, committed 3968K, reserved 1048576K
}
Event: 12.424 GC heap before
{Heap before GC invocations=16 (full 1):
 PSYoungGen      total 23552K, used 3993K [0x00000000d5580000, 0x00000000d6f00000, 0x0000000100000000)
  eden space 22016K, 11% used [0x00000000d5580000,0x00000000d5806258,0x00000000d6b00000)
  from space 1536K, 91% used [0x00000000d6d80000,0x00000000d6ee01d0,0x00000000d6f00000)
  to   space 1536K, 0% used [0x00000000d6b00000,0x00000000d6b00000,0x00000000d6c80000)
 ParOldGen       total 68608K, used 17316K [0x0000000080000000, 0x0000000084300000, 0x00000000d5580000)
  object space 68608K, 25% used [0x0000000080000000,0x00000000810e9158,0x0000000084300000)
 Metaspace       used 34880K, committed 35840K, reserved 1114112K
  class space    used 3559K, committed 3968K, reserved 1048576K
}
Event: 12.426 GC heap after
{Heap after GC invocations=16 (full 1):
 PSYoungGen      total 23552K, used 288K [0x00000000d5580000, 0x00000000d6e00000, 0x0000000100000000)
  eden space 22016K, 0% used [0x00000000d5580000,0x00000000d5580000,0x00000000d6b00000)
  from space 1536K, 18% used [0x00000000d6b00000,0x00000000d6b48000,0x00000000d6c80000)
  to   space 1024K, 0% used [0x00000000d6d00000,0x00000000d6d00000,0x00000000d6e00000)
 ParOldGen       total 68608K, used 18519K [0x0000000080000000, 0x0000000084300000, 0x00000000d5580000)
  object space 68608K, 26% used [0x0000000080000000,0x0000000081215ec8,0x0000000084300000)
 Metaspace       used 34880K, committed 35840K, reserved 1114112K
  class space    used 3559K, committed 3968K, reserved 1048576K
}
Event: 12.426 GC heap before
{Heap before GC invocations=17 (full 2):
 PSYoungGen      total 23552K, used 288K [0x00000000d5580000, 0x00000000d6e00000, 0x0000000100000000)
  eden space 22016K, 0% used [0x00000000d5580000,0x00000000d5580000,0x00000000d6b00000)
  from space 1536K, 18% used [0x00000000d6b00000,0x00000000d6b48000,0x00000000d6c80000)
  to   space 1024K, 0% used [0x00000000d6d00000,0x00000000d6d00000,0x00000000d6e00000)
 ParOldGen       total 68608K, used 18519K [0x0000000080000000, 0x0000000084300000, 0x00000000d5580000)
  object space 68608K, 26% used [0x0000000080000000,0x0000000081215ec8,0x0000000084300000)
 Metaspace       used 34880K, committed 35840K, reserved 1114112K
  class space    used 3559K, committed 3968K, reserved 1048576K
}
Event: 12.476 GC heap after
{Heap after GC invocations=17 (full 2):
 PSYoungGen      total 23552K, used 0K [0x00000000d5580000, 0x00000000d6e00000, 0x0000000100000000)
  eden space 22016K, 0% used [0x00000000d5580000,0x00000000d5580000,0x00000000d6b00000)
  from space 1536K, 0% used [0x00000000d6b00000,0x00000000d6b00000,0x00000000d6c80000)
  to   space 1024K, 0% used [0x00000000d6d00000,0x00000000d6d00000,0x00000000d6e00000)
 ParOldGen       total 68608K, used 18197K [0x0000000080000000, 0x0000000084300000, 0x00000000d5580000)
  object space 68608K, 26% used [0x0000000080000000,0x00000000811c5468,0x0000000084300000)
 Metaspace       used 34873K, committed 35840K, reserved 1114112K
  class space    used 3557K, committed 3968K, reserved 1048576K
}
Event: 12.687 GC heap before
{Heap before GC invocations=18 (full 2):
 PSYoungGen      total 23552K, used 22016K [0x00000000d5580000, 0x00000000d6e00000, 0x0000000100000000)
  eden space 22016K, 100% used [0x00000000d5580000,0x00000000d6b00000,0x00000000d6b00000)
  from space 1536K, 0% used [0x00000000d6b00000,0x00000000d6b00000,0x00000000d6c80000)
  to   space 1024K, 0% used [0x00000000d6d00000,0x00000000d6d00000,0x00000000d6e00000)
 ParOldGen       total 68608K, used 18197K [0x0000000080000000, 0x0000000084300000, 0x00000000d5580000)
  object space 68608K, 26% used [0x0000000080000000,0x00000000811c5468,0x0000000084300000)
 Metaspace       used 36131K, committed 37120K, reserved 1114112K
  class space    used 3722K, committed 4160K, reserved 1048576K
}
Event: 12.689 GC heap after
{Heap after GC invocations=18 (full 2):
 PSYoungGen      total 22528K, used 1021K [0x00000000d5580000, 0x00000000d7000000, 0x0000000100000000)
  eden space 21504K, 0% used [0x00000000d5580000,0x00000000d5580000,0x00000000d6a80000)
  from space 1024K, 99% used [0x00000000d6d00000,0x00000000d6dff6a0,0x00000000d6e00000)
  to   space 2560K, 0% used [0x00000000d6a80000,0x00000000d6a80000,0x00000000d6d00000)
 ParOldGen       total 68608K, used 19089K [0x0000000080000000, 0x0000000084300000, 0x00000000d5580000)
  object space 68608K, 27% used [0x0000000080000000,0x00000000812a44a8,0x0000000084300000)
 Metaspace       used 36131K, committed 37120K, reserved 1114112K
  class space    used 3722K, committed 4160K, reserved 1048576K
}
Event: 12.853 GC heap before
{Heap before GC invocations=19 (full 2):
 PSYoungGen      total 22528K, used 22525K [0x00000000d5580000, 0x00000000d7000000, 0x0000000100000000)
  eden space 21504K, 100% used [0x00000000d5580000,0x00000000d6a80000,0x00000000d6a80000)
  from space 1024K, 99% used [0x00000000d6d00000,0x00000000d6dff6a0,0x00000000d6e00000)
  to   space 2560K, 0% used [0x00000000d6a80000,0x00000000d6a80000,0x00000000d6d00000)
 ParOldGen       total 68608K, used 19089K [0x0000000080000000, 0x0000000084300000, 0x00000000d5580000)
  object space 68608K, 27% used [0x0000000080000000,0x00000000812a44a8,0x0000000084300000)
 Metaspace       used 39019K, committed 40064K, reserved 1114112K
  class space    used 4079K, committed 4544K, reserved 1048576K
}
Event: 12.856 GC heap after
{Heap after GC invocations=19 (full 2):
 PSYoungGen      total 22528K, used 896K [0x00000000d5580000, 0x00000000d6d80000, 0x0000000100000000)
  eden space 21504K, 0% used [0x00000000d5580000,0x00000000d5580000,0x00000000d6a80000)
  from space 1024K, 87% used [0x00000000d6a80000,0x00000000d6b60000,0x00000000d6b80000)
  to   space 1536K, 0% used [0x00000000d6c00000,0x00000000d6c00000,0x00000000d6d80000)
 ParOldGen       total 68608K, used 20090K [0x0000000080000000, 0x0000000084300000, 0x00000000d5580000)
  object space 68608K, 29% used [0x0000000080000000,0x000000008139e8d8,0x0000000084300000)
 Metaspace       used 39019K, committed 40064K, reserved 1114112K
  class space    used 4079K, committed 4544K, reserved 1048576K
}
Event: 13.159 GC heap before
{Heap before GC invocations=20 (full 2):
 PSYoungGen      total 22528K, used 22400K [0x00000000d5580000, 0x00000000d6d80000, 0x0000000100000000)
  eden space 21504K, 100% used [0x00000000d5580000,0x00000000d6a80000,0x00000000d6a80000)
  from space 1024K, 87% used [0x00000000d6a80000,0x00000000d6b60000,0x00000000d6b80000)
  to   space 1536K, 0% used [0x00000000d6c00000,0x00000000d6c00000,0x00000000d6d80000)
 ParOldGen       total 68608K, used 20090K [0x0000000080000000, 0x0000000084300000, 0x00000000d5580000)
  object space 68608K, 29% used [0x0000000080000000,0x000000008139e8d8,0x0000000084300000)
 Metaspace       used 41016K, committed 42112K, reserved 1114112K
  class space    used 4346K, committed 4800K, reserved 1048576K
}
Event: 13.161 GC heap after
{Heap after GC invocations=20 (full 2):
 PSYoungGen      total 22528K, used 960K [0x00000000d5580000, 0x00000000d6d00000, 0x0000000100000000)
  eden space 21504K, 0% used [0x00000000d5580000,0x00000000d5580000,0x00000000d6a80000)
  from space 1024K, 93% used [0x00000000d6c00000,0x00000000d6cf0000,0x00000000d6d00000)
  to   space 1024K, 0% used [0x00000000d6a80000,0x00000000d6a80000,0x00000000d6b80000)
 ParOldGen       total 68608K, used 20782K [0x0000000080000000, 0x0000000084300000, 0x00000000d5580000)
  object space 68608K, 30% used [0x0000000080000000,0x000000008144b8f8,0x0000000084300000)
 Metaspace       used 41016K, committed 42112K, reserved 1114112K
  class space    used 4346K, committed 4800K, reserved 1048576K
}
Event: 13.687 GC heap before
{Heap before GC invocations=21 (full 2):
 PSYoungGen      total 22528K, used 22464K [0x00000000d5580000, 0x00000000d6d00000, 0x0000000100000000)
  eden space 21504K, 100% used [0x00000000d5580000,0x00000000d6a80000,0x00000000d6a80000)
  from space 1024K, 93% used [0x00000000d6c00000,0x00000000d6cf0000,0x00000000d6d00000)
  to   space 1024K, 0% used [0x00000000d6a80000,0x00000000d6a80000,0x00000000d6b80000)
 ParOldGen       total 68608K, used 20782K [0x0000000080000000, 0x0000000084300000, 0x00000000d5580000)
  object space 68608K, 30% used [0x0000000080000000,0x000000008144b8f8,0x0000000084300000)
 Metaspace       used 43495K, committed 44544K, reserved 1114112K
  class space    used 4649K, committed 5056K, reserved 1048576K
}
Event: 13.690 GC heap after
{Heap after GC invocations=21 (full 2):
 PSYoungGen      total 22528K, used 1024K [0x00000000d5580000, 0x00000000d6f80000, 0x0000000100000000)
  eden space 21504K, 0% used [0x00000000d5580000,0x00000000d5580000,0x00000000d6a80000)
  from space 1024K, 100% used [0x00000000d6a80000,0x00000000d6b80000,0x00000000d6b80000)
  to   space 2560K, 0% used [0x00000000d6d00000,0x00000000d6d00000,0x00000000d6f80000)
 ParOldGen       total 68608K, used 21718K [0x0000000080000000, 0x0000000084300000, 0x00000000d5580000)
  object space 68608K, 31% used [0x0000000080000000,0x00000000815358f8,0x0000000084300000)
 Metaspace       used 43495K, committed 44544K, reserved 1114112K
  class space    used 4649K, committed 5056K, reserved 1048576K
}
Event: 14.410 GC heap before
{Heap before GC invocations=22 (full 2):
 PSYoungGen      total 22528K, used 22528K [0x00000000d5580000, 0x00000000d6f80000, 0x0000000100000000)
  eden space 21504K, 100% used [0x00000000d5580000,0x00000000d6a80000,0x00000000d6a80000)
  from space 1024K, 100% used [0x00000000d6a80000,0x00000000d6b80000,0x00000000d6b80000)
  to   space 2560K, 0% used [0x00000000d6d00000,0x00000000d6d00000,0x00000000d6f80000)
 ParOldGen       total 68608K, used 21718K [0x0000000080000000, 0x0000000084300000, 0x00000000d5580000)
  object space 68608K, 31% used [0x0000000080000000,0x00000000815358f8,0x0000000084300000)
 Metaspace       used 45738K, committed 46784K, reserved 1114112K
  class space    used 4965K, committed 5376K, reserved 1048576K
}
Event: 14.413 GC heap after
{Heap after GC invocations=22 (full 2):
 PSYoungGen      total 23040K, used 1536K [0x00000000d5580000, 0x00000000d6e80000, 0x0000000100000000)
  eden space 21504K, 0% used [0x00000000d5580000,0x00000000d5580000,0x00000000d6a80000)
  from space 1536K, 100% used [0x00000000d6d00000,0x00000000d6e80000,0x00000000d6e80000)
  to   space 2048K, 0% used [0x00000000d6a80000,0x00000000d6a80000,0x00000000d6c80000)
 ParOldGen       total 68608K, used 22622K [0x0000000080000000, 0x0000000084300000, 0x00000000d5580000)
  object space 68608K, 32% used [0x0000000080000000,0x00000000816178f8,0x0000000084300000)
 Metaspace       used 45738K, committed 46784K, reserved 1114112K
  class space    used 4965K, committed 5376K, reserved 1048576K
}
Event: 21.195 GC heap before
{Heap before GC invocations=23 (full 2):
 PSYoungGen      total 23040K, used 23038K [0x00000000d5580000, 0x00000000d6e80000, 0x0000000100000000)
  eden space 21504K, 99% used [0x00000000d5580000,0x00000000d6a7fbc0,0x00000000d6a80000)
  from space 1536K, 100% used [0x00000000d6d00000,0x00000000d6e80000,0x00000000d6e80000)
  to   space 2048K, 0% used [0x00000000d6a80000,0x00000000d6a80000,0x00000000d6c80000)
 ParOldGen       total 68608K, used 22622K [0x0000000080000000, 0x0000000084300000, 0x00000000d5580000)
  object space 68608K, 32% used [0x0000000080000000,0x00000000816178f8,0x0000000084300000)
 Metaspace       used 48566K, committed 49664K, reserved 1114112K
  class space    used 5321K, committed 5760K, reserved 1048576K
}
Event: 21.200 GC heap after
{Heap after GC invocations=23 (full 2):
 PSYoungGen      total 23040K, used 1366K [0x00000000d5580000, 0x00000000d6d80000, 0x0000000100000000)
  eden space 21504K, 0% used [0x00000000d5580000,0x00000000d5580000,0x00000000d6a80000)
  from space 1536K, 88% used [0x00000000d6a80000,0x00000000d6bd59f0,0x00000000d6c00000)
  to   space 1536K, 0% used [0x00000000d6c00000,0x00000000d6c00000,0x00000000d6d80000)
 ParOldGen       total 68608K, used 23906K [0x0000000080000000, 0x0000000084300000, 0x00000000d5580000)
  object space 68608K, 34% used [0x0000000080000000,0x0000000081758b28,0x0000000084300000)
 Metaspace       used 48566K, committed 49664K, reserved 1114112K
  class space    used 5321K, committed 5760K, reserved 1048576K
}

