# JRE version: OpenJDK Runtime Environment Temurin-21.0.10+7 (21.0.10+7) (build 21.0.10+7-LTS)
# Java VM: OpenJDK 64-Bit Server VM Temurin-21.0.10+7 (21.0.10+7-LTS, mixed mode, sharing, tiered, compressed oops, compressed class ptrs, parallel gc, windows-amd64)
GC Precious Log:
 CardTable entry size: 512
 CPUs: 8 total, 8 available
 Memory: 8016M
 Large Page Support: Disabled
 NUMA Support: Disabled
 Compressed Oops: Enabled (32-bit)
 Alignments: Space 512K, Generation 512K, Heap 2M
 Heap Min Capacity: 100M
 Heap Initial Capacity: 100M
 Heap Max Capacity: 2G
 Pre-touch: Disabled
 Parallel Workers: 8
Heap:
 PSYoungGen      total 10240K, used 4090K [0x00000000d5580000, 0x00000000d6080000, 0x0000000100000000)
  eden space 9728K, 38% used [0x00000000d5580000,0x00000000d592eab0,0x00000000d5f00000)
  from space 512K, 62% used [0x00000000d6000000,0x00000000d6050000,0x00000000d6080000)
  to   space 512K, 0% used [0x00000000d5f00000,0x00000000d5f00000,0x00000000d5f80000)
 ParOldGen       total 80896K, used 80646K [0x0000000080000000, 0x0000000084f00000, 0x00000000d5580000)
  object space 80896K, 99% used [0x0000000080000000,0x0000000084ec1890,0x0000000084f00000)
 Metaspace       used 70588K, committed 72192K, reserved 1114112K
  class space    used 7344K, committed 8000K, reserved 1048576K
GC Heap History (20 events):
Event: 19.683 GC heap before
{Heap before GC invocations=102 (full 3):
 PSYoungGen      total 11264K, used 11040K [0x00000000d5580000, 0x00000000d6200000, 0x0000000100000000)
  eden space 9728K, 100% used [0x00000000d5580000,0x00000000d5f00000,0x00000000d5f00000)
  from space 1536K, 85% used [0x00000000d6080000,0x00000000d61c8020,0x00000000d6200000)
  to   space 1536K, 0% used [0x00000000d5f00000,0x00000000d5f00000,0x00000000d6080000)
 ParOldGen       total 77824K, used 77717K [0x0000000080000000, 0x0000000084c00000, 0x00000000d5580000)
  object space 77824K, 99% used [0x0000000080000000,0x0000000084be5408,0x0000000084c00000)
 Metaspace       used 69821K, committed 71424K, reserved 1114112K
  class space    used 7332K, committed 8000K, reserved 1048576K
}
Event: 19.685 GC heap after
{Heap after GC invocations=102 (full 3):
 PSYoungGen      total 10240K, used 448K [0x00000000d5580000, 0x00000000d6100000, 0x0000000100000000)
  eden space 9728K, 0% used [0x00000000d5580000,0x00000000d5580000,0x00000000d5f00000)
  from space 512K, 87% used [0x00000000d5f00000,0x00000000d5f70000,0x00000000d5f80000)
  to   space 1024K, 0% used [0x00000000d6000000,0x00000000d6000000,0x00000000d6100000)
 ParOldGen       total 77824K, used 77789K [0x0000000080000000, 0x0000000084c00000, 0x00000000d5580000)
  object space 77824K, 99% used [0x0000000080000000,0x0000000084bf7408,0x0000000084c00000)
 Metaspace       used 69821K, committed 71424K, reserved 1114112K
  class space    used 7332K, committed 8000K, reserved 1048576K
}
Event: 20.873 GC heap before
{Heap before GC invocations=103 (full 3):
 PSYoungGen      total 10240K, used 10175K [0x00000000d5580000, 0x00000000d6100000, 0x0000000100000000)
  eden space 9728K, 99% used [0x00000000d5580000,0x00000000d5efffe8,0x00000000d5f00000)
  from space 512K, 87% used [0x00000000d5f00000,0x00000000d5f70000,0x00000000d5f80000)
  to   space 1024K, 0% used [0x00000000d6000000,0x00000000d6000000,0x00000000d6100000)
 ParOldGen       total 77824K, used 77789K [0x0000000080000000, 0x0000000084c00000, 0x00000000d5580000)
  object space 77824K, 99% used [0x0000000080000000,0x0000000084bf7408,0x0000000084c00000)
 Metaspace       used 69874K, committed 71424K, reserved 1114112K
  class space    used 7334K, committed 8000K, reserved 1048576K
}
Event: 20.875 GC heap after
{Heap after GC invocations=103 (full 3):
 PSYoungGen      total 10240K, used 256K [0x00000000d5580000, 0x00000000d6080000, 0x0000000100000000)
  eden space 9728K, 0% used [0x00000000d5580000,0x00000000d5580000,0x00000000d5f00000)
  from space 512K, 50% used [0x00000000d6000000,0x00000000d6040000,0x00000000d6080000)
  to   space 512K, 0% used [0x00000000d5f00000,0x00000000d5f00000,0x00000000d5f80000)
 ParOldGen       total 78336K, used 78085K [0x0000000080000000, 0x0000000084c80000, 0x00000000d5580000)
  object space 78336K, 99% used [0x0000000080000000,0x0000000084c41408,0x0000000084c80000)
 Metaspace       used 69874K, committed 71424K, reserved 1114112K
  class space    used 7334K, committed 8000K, reserved 1048576K
}
Event: 21.057 GC heap before
{Heap before GC invocations=104 (full 3):
 PSYoungGen      total 10240K, used 9927K [0x00000000d5580000, 0x00000000d6080000, 0x0000000100000000)
  eden space 9728K, 99% used [0x00000000d5580000,0x00000000d5ef1e10,0x00000000d5f00000)
  from space 512K, 50% used [0x00000000d6000000,0x00000000d6040000,0x00000000d6080000)
  to   space 512K, 0% used [0x00000000d5f00000,0x00000000d5f00000,0x00000000d5f80000)
 ParOldGen       total 78336K, used 78085K [0x0000000080000000, 0x0000000084c80000, 0x00000000d5580000)
  object space 78336K, 99% used [0x0000000080000000,0x0000000084c41408,0x0000000084c80000)
 Metaspace       used 69909K, committed 71488K, reserved 1114112K
  class space    used 7334K, committed 8000K, reserved 1048576K
}
Event: 21.059 GC heap after
{Heap after GC invocations=104 (full 3):
 PSYoungGen      total 10240K, used 504K [0x00000000d5580000, 0x00000000d6400000, 0x0000000100000000)
  eden space 9728K, 0% used [0x00000000d5580000,0x00000000d5580000,0x00000000d5f00000)
  from space 512K, 98% used [0x00000000d5f00000,0x00000000d5f7e320,0x00000000d5f80000)
  to   space 2560K, 0% used [0x00000000d6180000,0x00000000d6180000,0x00000000d6400000)
 ParOldGen       total 79872K, used 79479K [0x0000000080000000, 0x0000000084e00000, 0x00000000d5580000)
  object space 79872K, 99% used [0x0000000080000000,0x0000000084d9def0,0x0000000084e00000)
 Metaspace       used 69909K, committed 71488K, reserved 1114112K
  class space    used 7334K, committed 8000K, reserved 1048576K
}
Event: 21.142 GC heap before
{Heap before GC invocations=105 (full 3):
 PSYoungGen      total 10240K, used 10232K [0x00000000d5580000, 0x00000000d6400000, 0x0000000100000000)
  eden space 9728K, 100% used [0x00000000d5580000,0x00000000d5f00000,0x00000000d5f00000)
  from space 512K, 98% used [0x00000000d5f00000,0x00000000d5f7e320,0x00000000d5f80000)
  to   space 2560K, 0% used [0x00000000d6180000,0x00000000d6180000,0x00000000d6400000)
 ParOldGen       total 79872K, used 79479K [0x0000000080000000, 0x0000000084e00000, 0x00000000d5580000)
  object space 79872K, 99% used [0x0000000080000000,0x0000000084d9def0,0x0000000084e00000)
 Metaspace       used 69987K, committed 71552K, reserved 1114112K
  class space    used 7334K, committed 8000K, reserved 1048576K
}
Event: 21.145 GC heap after
{Heap after GC invocations=105 (full 3):
 PSYoungGen      total 12288K, used 2032K [0x00000000d5580000, 0x00000000d6400000, 0x0000000100000000)
  eden space 9728K, 0% used [0x00000000d5580000,0x00000000d5580000,0x00000000d5f00000)
  from space 2560K, 79% used [0x00000000d6180000,0x00000000d637c010,0x00000000d6400000)
  to   space 2560K, 0% used [0x00000000d5f00000,0x00000000d5f00000,0x00000000d6180000)
 ParOldGen       total 79872K, used 79599K [0x0000000080000000, 0x0000000084e00000, 0x00000000d5580000)
  object space 79872K, 99% used [0x0000000080000000,0x0000000084dbbf10,0x0000000084e00000)
 Metaspace       used 69987K, committed 71552K, reserved 1114112K
  class space    used 7334K, committed 8000K, reserved 1048576K
}
Event: 21.259 GC heap before
{Heap before GC invocations=106 (full 3):
 PSYoungGen      total 12288K, used 11760K [0x00000000d5580000, 0x00000000d6400000, 0x0000000100000000)
  eden space 9728K, 100% used [0x00000000d5580000,0x00000000d5f00000,0x00000000d5f00000)
  from space 2560K, 79% used [0x00000000d6180000,0x00000000d637c010,0x00000000d6400000)
  to   space 2560K, 0% used [0x00000000d5f00000,0x00000000d5f00000,0x00000000d6180000)
 ParOldGen       total 79872K, used 79599K [0x0000000080000000, 0x0000000084e00000, 0x00000000d5580000)
  object space 79872K, 99% used [0x0000000080000000,0x0000000084dbbf10,0x0000000084e00000)
 Metaspace       used 70047K, committed 71616K, reserved 1114112K
  class space    used 7334K, committed 8000K, reserved 1048576K
}
Event: 21.261 GC heap after
{Heap after GC invocations=106 (full 3):
 PSYoungGen      total 10752K, used 656K [0x00000000d5580000, 0x00000000d6200000, 0x0000000100000000)
  eden space 9728K, 0% used [0x00000000d5580000,0x00000000d5580000,0x00000000d5f00000)
  from space 1024K, 64% used [0x00000000d5f00000,0x00000000d5fa4010,0x00000000d6000000)
  to   space 1536K, 0% used [0x00000000d6080000,0x00000000d6080000,0x00000000d6200000)
 ParOldGen       total 80384K, used 80365K [0x0000000080000000, 0x0000000084e80000, 0x00000000d5580000)
  object space 80384K, 99% used [0x0000000080000000,0x0000000084e7b690,0x0000000084e80000)
 Metaspace       used 70047K, committed 71616K, reserved 1114112K
  class space    used 7334K, committed 8000K, reserved 1048576K
}
Event: 21.349 GC heap before
{Heap before GC invocations=107 (full 3):
 PSYoungGen      total 10752K, used 10384K [0x00000000d5580000, 0x00000000d6200000, 0x0000000100000000)
  eden space 9728K, 100% used [0x00000000d5580000,0x00000000d5f00000,0x00000000d5f00000)
  from space 1024K, 64% used [0x00000000d5f00000,0x00000000d5fa4010,0x00000000d6000000)
  to   space 1536K, 0% used [0x00000000d6080000,0x00000000d6080000,0x00000000d6200000)
 ParOldGen       total 80384K, used 80365K [0x0000000080000000, 0x0000000084e80000, 0x00000000d5580000)
  object space 80384K, 99% used [0x0000000080000000,0x0000000084e7b690,0x0000000084e80000)
 Metaspace       used 70105K, committed 71680K, reserved 1114112K
  class space    used 7336K, committed 8000K, reserved 1048576K
}
Event: 21.351 GC heap after
{Heap after GC invocations=107 (full 3):
 PSYoungGen      total 11264K, used 1072K [0x00000000d5580000, 0x00000000d6200000, 0x0000000100000000)
  eden space 9728K, 0% used [0x00000000d5580000,0x00000000d5580000,0x00000000d5f00000)
  from space 1536K, 69% used [0x00000000d6080000,0x00000000d618c010,0x00000000d6200000)
  to   space 1536K, 0% used [0x00000000d5f00000,0x00000000d5f00000,0x00000000d6080000)
 ParOldGen       total 80896K, used 80405K [0x0000000080000000, 0x0000000084f00000, 0x00000000d5580000)
  object space 80896K, 99% used [0x0000000080000000,0x0000000084e85690,0x0000000084f00000)
 Metaspace       used 70105K, committed 71680K, reserved 1114112K
  class space    used 7336K, committed 8000K, reserved 1048576K
}
Event: 22.180 GC heap before
{Heap before GC invocations=108 (full 3):
 PSYoungGen      total 11264K, used 10800K [0x00000000d5580000, 0x00000000d6200000, 0x0000000100000000)
  eden space 9728K, 99% used [0x00000000d5580000,0x00000000d5effff0,0x00000000d5f00000)
  from space 1536K, 69% used [0x00000000d6080000,0x00000000d618c010,0x00000000d6200000)
  to   space 1536K, 0% used [0x00000000d5f00000,0x00000000d5f00000,0x00000000d6080000)
 ParOldGen       total 80896K, used 80405K [0x0000000080000000, 0x0000000084f00000, 0x00000000d5580000)
  object space 80896K, 99% used [0x0000000080000000,0x0000000084e85690,0x0000000084f00000)
 Metaspace       used 70220K, committed 71808K, reserved 1114112K
  class space    used 7336K, committed 8000K, reserved 1048576K
}
Event: 22.182 GC heap after
{Heap after GC invocations=108 (full 3):
 PSYoungGen      total 10240K, used 416K [0x00000000d5580000, 0x00000000d6100000, 0x0000000100000000)
  eden space 9728K, 0% used [0x00000000d5580000,0x00000000d5580000,0x00000000d5f00000)
  from space 512K, 81% used [0x00000000d5f00000,0x00000000d5f68000,0x00000000d5f80000)
  to   space 1024K, 0% used [0x00000000d6000000,0x00000000d6000000,0x00000000d6100000)
 ParOldGen       total 80896K, used 80445K [0x0000000080000000, 0x0000000084f00000, 0x00000000d5580000)
  object space 80896K, 99% used [0x0000000080000000,0x0000000084e8f690,0x0000000084f00000)
 Metaspace       used 70220K, committed 71808K, reserved 1114112K
  class space    used 7336K, committed 8000K, reserved 1048576K
}
Event: 23.280 GC heap before
{Heap before GC invocations=109 (full 3):
 PSYoungGen      total 10240K, used 10144K [0x00000000d5580000, 0x00000000d6100000, 0x0000000100000000)
  eden space 9728K, 100% used [0x00000000d5580000,0x00000000d5f00000,0x00000000d5f00000)
  from space 512K, 81% used [0x00000000d5f00000,0x00000000d5f68000,0x00000000d5f80000)
  to   space 1024K, 0% used [0x00000000d6000000,0x00000000d6000000,0x00000000d6100000)
 ParOldGen       total 80896K, used 80445K [0x0000000080000000, 0x0000000084f00000, 0x00000000d5580000)
  object space 80896K, 99% used [0x0000000080000000,0x0000000084e8f690,0x0000000084f00000)
 Metaspace       used 70360K, committed 72000K, reserved 1114112K
  class space    used 7342K, committed 8000K, reserved 1048576K
}
Event: 23.281 GC heap after
{Heap after GC invocations=109 (full 3):
 PSYoungGen      total 10240K, used 352K [0x00000000d5580000, 0x00000000d6080000, 0x0000000100000000)
  eden space 9728K, 0% used [0x00000000d5580000,0x00000000d5580000,0x00000000d5f00000)
  from space 512K, 68% used [0x00000000d6000000,0x00000000d6058000,0x00000000d6080000)
  to   space 512K, 0% used [0x00000000d5f00000,0x00000000d5f00000,0x00000000d5f80000)
 ParOldGen       total 80896K, used 80526K [0x0000000080000000, 0x0000000084f00000, 0x00000000d5580000)
  object space 80896K, 99% used [0x0000000080000000,0x0000000084ea3890,0x0000000084f00000)
 Metaspace       used 70360K, committed 72000K, reserved 1114112K
  class space    used 7342K, committed 8000K, reserved 1048576K
}
Event: 24.377 GC heap before
{Heap before GC invocations=110 (full 3):
 PSYoungGen      total 10240K, used 10080K [0x00000000d5580000, 0x00000000d6080000, 0x0000000100000000)
  eden space 9728K, 100% used [0x00000000d5580000,0x00000000d5f00000,0x00000000d5f00000)
  from space 512K, 68% used [0x00000000d6000000,0x00000000d6058000,0x00000000d6080000)
  to   space 512K, 0% used [0x00000000d5f00000,0x00000000d5f00000,0x00000000d5f80000)
 ParOldGen       total 80896K, used 80526K [0x0000000080000000, 0x0000000084f00000, 0x00000000d5580000)
  object space 80896K, 99% used [0x0000000080000000,0x0000000084ea3890,0x0000000084f00000)
 Metaspace       used 70473K, committed 72064K, reserved 1114112K
  class space    used 7342K, committed 8000K, reserved 1048576K
}
Event: 24.381 GC heap after
{Heap after GC invocations=110 (full 3):
 PSYoungGen      total 10240K, used 384K [0x00000000d5580000, 0x00000000d6080000, 0x0000000100000000)
  eden space 9728K, 0% used [0x00000000d5580000,0x00000000d5580000,0x00000000d5f00000)
  from space 512K, 75% used [0x00000000d5f00000,0x00000000d5f60000,0x00000000d5f80000)
  to   space 512K, 0% used [0x00000000d6000000,0x00000000d6000000,0x00000000d6080000)
 ParOldGen       total 80896K, used 80582K [0x0000000080000000, 0x0000000084f00000, 0x00000000d5580000)
  object space 80896K, 99% used [0x0000000080000000,0x0000000084eb1890,0x0000000084f00000)
 Metaspace       used 70473K, committed 72064K, reserved 1114112K
  class space    used 7342K, committed 8000K, reserved 1048576K
}
Event: 25.512 GC heap before
{Heap before GC invocations=111 (full 3):
 PSYoungGen      total 10240K, used 10112K [0x00000000d5580000, 0x00000000d6080000, 0x0000000100000000)
  eden space 9728K, 100% used [0x00000000d5580000,0x00000000d5f00000,0x00000000d5f00000)
  from space 512K, 75% used [0x00000000d5f00000,0x00000000d5f60000,0x00000000d5f80000)
  to   space 512K, 0% used [0x00000000d6000000,0x00000000d6000000,0x00000000d6080000)
 ParOldGen       total 80896K, used 80582K [0x0000000080000000, 0x0000000084f00000, 0x00000000d5580000)
  object space 80896K, 99% used [0x0000000080000000,0x0000000084eb1890,0x0000000084f00000)
 Metaspace       used 70543K, committed 72128K, reserved 1114112K
  class space    used 7342K, committed 8000K, reserved 1048576K
}
Event: 25.513 GC heap after
{Heap after GC invocations=111 (full 3):
 PSYoungGen      total 10240K, used 320K [0x00000000d5580000, 0x00000000d6080000, 0x0000000100000000)
  eden space 9728K, 0% used [0x00000000d5580000,0x00000000d5580000,0x00000000d5f00000)
  from space 512K, 62% used [0x00000000d6000000,0x00000000d6050000,0x00000000d6080000)
  to   space 512K, 0% used [0x00000000d5f00000,0x00000000d5f00000,0x00000000d5f80000)
 ParOldGen       total 80896K, used 80646K [0x0000000080000000, 0x0000000084f00000, 0x00000000d5580000)
  object space 80896K, 99% used [0x0000000080000000,0x0000000084ec1890,0x0000000084f00000)
 Metaspace       used 70543K, committed 72128K, reserved 1114112K
  class space    used 7342K, committed 8000K, reserved 1048576K
}

