# JRE version: OpenJDK Runtime Environment Temurin-21.0.10+7 (21.0.10+7) (build 21.0.10+7-LTS)
# Java VM: OpenJDK 64-Bit Server VM Temurin-21.0.10+7 (21.0.10+7-LTS, mixed mode, sharing, tiered, compressed oops, compressed class ptrs, parallel gc, windows-amd64)
GC Precious Log:
 CardTable entry size: 512
 CPUs: 8 total, 8 available
 Memory: 8016M
 Large Page Support: Disabled
 NUMA Support: Disabled
 Compressed Oops: Enabled (32-bit)
 Alignments: Space 512K, Generation 512K, Heap 2M
 Heap Min Capacity: 100M
 Heap Initial Capacity: 100M
 Heap Max Capacity: 2G
 Pre-touch: Disabled
 Parallel Workers: 8
Heap:
 PSYoungGen      total 2560K, used 2528K [0x00000000d5580000, 0x00000000d5980000, 0x0000000100000000)
  eden space 2048K, 100% used [0x00000000d5580000,0x00000000d5780000,0x00000000d5780000)
  from space 512K, 93% used [0x00000000d5900000,0x00000000d5978010,0x00000000d5980000)
  to   space 1024K, 75% used [0x00000000d5780000,0x00000000d5840000,0x00000000d5880000)
 ParOldGen       total 449024K, used 449023K [0x0000000080000000, 0x000000009b680000, 0x00000000d5580000)
  object space 449024K, 99% used [0x0000000080000000,0x000000009b67fc70,0x000000009b680000)
 Metaspace       used 75516K, committed 77248K, reserved 1179648K
  class space    used 7977K, committed 8704K, reserved 1048576K
GC Heap History (20 events):
Event: 304.847 GC heap before
{Heap before GC invocations=669 (full 4):
 PSYoungGen      total 5632K, used 4288K [0x00000000d5580000, 0x00000000d5c00000, 0x0000000100000000)
  eden space 3584K, 99% used [0x00000000d5580000,0x00000000d58fffe0,0x00000000d5900000)
  from space 2048K, 34% used [0x00000000d5900000,0x00000000d59b0020,0x00000000d5b00000)
  to   space 1024K, 0% used [0x00000000d5b00000,0x00000000d5b00000,0x00000000d5c00000)
 ParOldGen       total 439808K, used 439361K [0x0000000080000000, 0x000000009ad80000, 0x00000000d5580000)
  object space 439808K, 99% used [0x0000000080000000,0x000000009ad10470,0x000000009ad80000)
 Metaspace       used 74509K, committed 76096K, reserved 1179648K
  class space    used 7862K, committed 8512K, reserved 1048576K
}
Event: 304.849 GC heap after
{Heap after GC invocations=669 (full 4):
 PSYoungGen      total 4096K, used 512K [0x00000000d5580000, 0x00000000d5b80000, 0x0000000100000000)
  eden space 3584K, 0% used [0x00000000d5580000,0x00000000d5580000,0x00000000d5900000)
  from space 512K, 100% used [0x00000000d5b00000,0x00000000d5b80000,0x00000000d5b80000)
  to   space 1024K, 0% used [0x00000000d5980000,0x00000000d5980000,0x00000000d5a80000)
 ParOldGen       total 439808K, used 439609K [0x0000000080000000, 0x000000009ad80000, 0x00000000d5580000)
  object space 439808K, 99% used [0x0000000080000000,0x000000009ad4e470,0x000000009ad80000)
 Metaspace       used 74509K, committed 76096K, reserved 1179648K
  class space    used 7862K, committed 8512K, reserved 1048576K
}
Event: 369.191 GC heap before
{Heap before GC invocations=670 (full 4):
 PSYoungGen      total 4096K, used 4096K [0x00000000d5580000, 0x00000000d5b80000, 0x0000000100000000)
  eden space 3584K, 100% used [0x00000000d5580000,0x00000000d5900000,0x00000000d5900000)
  from space 512K, 100% used [0x00000000d5b00000,0x00000000d5b80000,0x00000000d5b80000)
  to   space 1024K, 0% used [0x00000000d5980000,0x00000000d5980000,0x00000000d5a80000)
 ParOldGen       total 439808K, used 439609K [0x0000000080000000, 0x000000009ad80000, 0x00000000d5580000)
  object space 439808K, 99% used [0x0000000080000000,0x000000009ad4e470,0x000000009ad80000)
 Metaspace       used 74666K, committed 76288K, reserved 1179648K
  class space    used 7878K, committed 8576K, reserved 1048576K
}
Event: 369.193 GC heap after
{Heap after GC invocations=670 (full 4):
 PSYoungGen      total 4608K, used 592K [0x00000000d5580000, 0x00000000d5b80000, 0x0000000100000000)
  eden space 3584K, 0% used [0x00000000d5580000,0x00000000d5580000,0x00000000d5900000)
  from space 1024K, 57% used [0x00000000d5980000,0x00000000d5a14030,0x00000000d5a80000)
  to   space 1024K, 0% used [0x00000000d5a80000,0x00000000d5a80000,0x00000000d5b80000)
 ParOldGen       total 440320K, used 440058K [0x0000000080000000, 0x000000009ae00000, 0x00000000d5580000)
  object space 440320K, 99% used [0x0000000080000000,0x000000009adbe9c8,0x000000009ae00000)
 Metaspace       used 74666K, committed 76288K, reserved 1179648K
  class space    used 7878K, committed 8576K, reserved 1048576K
}
Event: 370.663 GC heap before
{Heap before GC invocations=671 (full 4):
 PSYoungGen      total 4608K, used 4176K [0x00000000d5580000, 0x00000000d5b80000, 0x0000000100000000)
  eden space 3584K, 100% used [0x00000000d5580000,0x00000000d5900000,0x00000000d5900000)
  from space 1024K, 57% used [0x00000000d5980000,0x00000000d5a14030,0x00000000d5a80000)
  to   space 1024K, 0% used [0x00000000d5a80000,0x00000000d5a80000,0x00000000d5b80000)
 ParOldGen       total 440320K, used 440058K [0x0000000080000000, 0x000000009ae00000, 0x00000000d5580000)
  object space 440320K, 99% used [0x0000000080000000,0x000000009adbe9c8,0x000000009ae00000)
 Metaspace       used 75065K, committed 76736K, reserved 1179648K
  class space    used 7923K, committed 8640K, reserved 1048576K
}
Event: 370.665 GC heap after
{Heap after GC invocations=671 (full 4):
 PSYoungGen      total 4608K, used 640K [0x00000000d5580000, 0x00000000d5b80000, 0x0000000100000000)
  eden space 3584K, 0% used [0x00000000d5580000,0x00000000d5580000,0x00000000d5900000)
  from space 1024K, 62% used [0x00000000d5a80000,0x00000000d5b20020,0x00000000d5b80000)
  to   space 1024K, 0% used [0x00000000d5980000,0x00000000d5980000,0x00000000d5a80000)
 ParOldGen       total 440320K, used 440066K [0x0000000080000000, 0x000000009ae00000, 0x00000000d5580000)
  object space 440320K, 99% used [0x0000000080000000,0x000000009adc09c8,0x000000009ae00000)
 Metaspace       used 75065K, committed 76736K, reserved 1179648K
  class space    used 7923K, committed 8640K, reserved 1048576K
}
Event: 370.709 GC heap before
{Heap before GC invocations=672 (full 4):
 PSYoungGen      total 4608K, used 4224K [0x00000000d5580000, 0x00000000d5b80000, 0x0000000100000000)
  eden space 3584K, 100% used [0x00000000d5580000,0x00000000d5900000,0x00000000d5900000)
  from space 1024K, 62% used [0x00000000d5a80000,0x00000000d5b20020,0x00000000d5b80000)
  to   space 1024K, 0% used [0x00000000d5980000,0x00000000d5980000,0x00000000d5a80000)
 ParOldGen       total 440320K, used 440066K [0x0000000080000000, 0x000000009ae00000, 0x00000000d5580000)
  object space 440320K, 99% used [0x0000000080000000,0x000000009adc09c8,0x000000009ae00000)
 Metaspace       used 75277K, committed 76992K, reserved 1179648K
  class space    used 7942K, committed 8704K, reserved 1048576K
}
Event: 370.711 GC heap after
{Heap after GC invocations=672 (full 4):
 PSYoungGen      total 4608K, used 928K [0x00000000d5580000, 0x00000000d5b00000, 0x0000000100000000)
  eden space 3584K, 0% used [0x00000000d5580000,0x00000000d5580000,0x00000000d5900000)
  from space 1024K, 90% used [0x00000000d5980000,0x00000000d5a68030,0x00000000d5a80000)
  to   space 512K, 0% used [0x00000000d5a80000,0x00000000d5a80000,0x00000000d5b00000)
 ParOldGen       total 442368K, used 442030K [0x0000000080000000, 0x000000009b000000, 0x00000000d5580000)
  object space 442368K, 99% used [0x0000000080000000,0x000000009afab8f0,0x000000009b000000)
 Metaspace       used 75277K, committed 76992K, reserved 1179648K
  class space    used 7942K, committed 8704K, reserved 1048576K
}
Event: 370.736 GC heap before
{Heap before GC invocations=673 (full 4):
 PSYoungGen      total 4608K, used 4512K [0x00000000d5580000, 0x00000000d5b00000, 0x0000000100000000)
  eden space 3584K, 100% used [0x00000000d5580000,0x00000000d5900000,0x00000000d5900000)
  from space 1024K, 90% used [0x00000000d5980000,0x00000000d5a68030,0x00000000d5a80000)
  to   space 512K, 0% used [0x00000000d5a80000,0x00000000d5a80000,0x00000000d5b00000)
 ParOldGen       total 442368K, used 442030K [0x0000000080000000, 0x000000009b000000, 0x00000000d5580000)
  object space 442368K, 99% used [0x0000000080000000,0x000000009afab8f0,0x000000009b000000)
 Metaspace       used 75288K, committed 76992K, reserved 1179648K
  class space    used 7943K, committed 8704K, reserved 1048576K
}
Event: 370.740 GC heap after
{Heap after GC invocations=673 (full 4):
 PSYoungGen      total 1024K, used 496K [0x00000000d5580000, 0x00000000d6200000, 0x0000000100000000)
  eden space 512K, 0% used [0x00000000d5580000,0x00000000d5580000,0x00000000d5600000)
  from space 512K, 96% used [0x00000000d5a80000,0x00000000d5afc258,0x00000000d5b00000)
  to   space 4608K, 0% used [0x00000000d5600000,0x00000000d5600000,0x00000000d5a80000)
 ParOldGen       total 445952K, used 445539K [0x0000000080000000, 0x000000009b380000, 0x00000000d5580000)
  object space 445952K, 99% used [0x0000000080000000,0x000000009b318da0,0x000000009b380000)
 Metaspace       used 75288K, committed 76992K, reserved 1179648K
  class space    used 7943K, committed 8704K, reserved 1048576K
}
Event: 370.743 GC heap before
{Heap before GC invocations=674 (full 4):
 PSYoungGen      total 1024K, used 1008K [0x00000000d5580000, 0x00000000d6200000, 0x0000000100000000)
  eden space 512K, 100% used [0x00000000d5580000,0x00000000d5600000,0x00000000d5600000)
  from space 512K, 96% used [0x00000000d5a80000,0x00000000d5afc258,0x00000000d5b00000)
  to   space 4608K, 0% used [0x00000000d5600000,0x00000000d5600000,0x00000000d5a80000)
 ParOldGen       total 445952K, used 445539K [0x0000000080000000, 0x000000009b380000, 0x00000000d5580000)
  object space 445952K, 99% used [0x0000000080000000,0x000000009b318da0,0x000000009b380000)
 Metaspace       used 75288K, committed 76992K, reserved 1179648K
  class space    used 7943K, committed 8704K, reserved 1048576K
}
Event: 370.745 GC heap after
{Heap after GC invocations=674 (full 4):
 PSYoungGen      total 1536K, used 528K [0x00000000d5580000, 0x00000000d5b00000, 0x0000000100000000)
  eden space 512K, 0% used [0x00000000d5580000,0x00000000d5580000,0x00000000d5600000)
  from space 1024K, 51% used [0x00000000d5600000,0x00000000d5684258,0x00000000d5700000)
  to   space 2048K, 0% used [0x00000000d5900000,0x00000000d5900000,0x00000000d5b00000)
 ParOldGen       total 445952K, used 445824K [0x0000000080000000, 0x000000009b380000, 0x00000000d5580000)
  object space 445952K, 99% used [0x0000000080000000,0x000000009b3603e8,0x000000009b380000)
 Metaspace       used 75288K, committed 76992K, reserved 1179648K
  class space    used 7943K, committed 8704K, reserved 1048576K
}
Event: 370.754 GC heap before
{Heap before GC invocations=675 (full 4):
 PSYoungGen      total 1536K, used 1001K [0x00000000d5580000, 0x00000000d5b00000, 0x0000000100000000)
  eden space 512K, 92% used [0x00000000d5580000,0x00000000d55f6268,0x00000000d5600000)
  from space 1024K, 51% used [0x00000000d5600000,0x00000000d5684258,0x00000000d5700000)
  to   space 2048K, 0% used [0x00000000d5900000,0x00000000d5900000,0x00000000d5b00000)
 ParOldGen       total 445952K, used 445824K [0x0000000080000000, 0x000000009b380000, 0x00000000d5580000)
  object space 445952K, 99% used [0x0000000080000000,0x000000009b3603e8,0x000000009b380000)
 Metaspace       used 75328K, committed 77056K, reserved 1179648K
  class space    used 7948K, committed 8704K, reserved 1048576K
}
Event: 370.756 GC heap after
{Heap after GC invocations=675 (full 4):
 PSYoungGen      total 1024K, used 320K [0x00000000d5580000, 0x00000000d5980000, 0x0000000100000000)
  eden space 512K, 0% used [0x00000000d5580000,0x00000000d5580000,0x00000000d5600000)
  from space 512K, 62% used [0x00000000d5900000,0x00000000d5950000,0x00000000d5980000)
  to   space 1024K, 0% used [0x00000000d5780000,0x00000000d5780000,0x00000000d5880000)
 ParOldGen       total 446464K, used 446000K [0x0000000080000000, 0x000000009b400000, 0x00000000d5580000)
  object space 446464K, 99% used [0x0000000080000000,0x000000009b38c3f8,0x000000009b400000)
 Metaspace       used 75328K, committed 77056K, reserved 1179648K
  class space    used 7948K, committed 8704K, reserved 1048576K
}
Event: 370.762 GC heap before
{Heap before GC invocations=676 (full 4):
 PSYoungGen      total 1024K, used 827K [0x00000000d5580000, 0x00000000d5980000, 0x0000000100000000)
  eden space 512K, 99% used [0x00000000d5580000,0x00000000d55fee08,0x00000000d5600000)
  from space 512K, 62% used [0x00000000d5900000,0x00000000d5950000,0x00000000d5980000)
  to   space 1024K, 0% used [0x00000000d5780000,0x00000000d5780000,0x00000000d5880000)
 ParOldGen       total 446464K, used 446000K [0x0000000080000000, 0x000000009b400000, 0x00000000d5580000)
  object space 446464K, 99% used [0x0000000080000000,0x000000009b38c3f8,0x000000009b400000)
 Metaspace       used 75343K, committed 77056K, reserved 1179648K
  class space    used 7949K, committed 8704K, reserved 1048576K
}
Event: 370.763 GC heap after
{Heap after GC invocations=676 (full 4):
 PSYoungGen      total 3072K, used 288K [0x00000000d5580000, 0x00000000d5980000, 0x0000000100000000)
  eden space 2048K, 0% used [0x00000000d5580000,0x00000000d5580000,0x00000000d5780000)
  from space 1024K, 28% used [0x00000000d5780000,0x00000000d57c8010,0x00000000d5880000)
  to   space 512K, 0% used [0x00000000d5900000,0x00000000d5900000,0x00000000d5980000)
 ParOldGen       total 446464K, used 446256K [0x0000000080000000, 0x000000009b400000, 0x00000000d5580000)
  object space 446464K, 99% used [0x0000000080000000,0x000000009b3cc3f8,0x000000009b400000)
 Metaspace       used 75343K, committed 77056K, reserved 1179648K
  class space    used 7949K, committed 8704K, reserved 1048576K
}
Event: 370.785 GC heap before
{Heap before GC invocations=677 (full 4):
 PSYoungGen      total 3072K, used 2294K [0x00000000d5580000, 0x00000000d5980000, 0x0000000100000000)
  eden space 2048K, 97% used [0x00000000d5580000,0x00000000d5775858,0x00000000d5780000)
  from space 1024K, 28% used [0x00000000d5780000,0x00000000d57c8010,0x00000000d5880000)
  to   space 512K, 0% used [0x00000000d5900000,0x00000000d5900000,0x00000000d5980000)
 ParOldGen       total 446464K, used 446256K [0x0000000080000000, 0x000000009b400000, 0x00000000d5580000)
  object space 446464K, 99% used [0x0000000080000000,0x000000009b3cc3f8,0x000000009b400000)
 Metaspace       used 75370K, committed 77056K, reserved 1179648K
  class space    used 7949K, committed 8704K, reserved 1048576K
}
Event: 370.786 GC heap after
{Heap after GC invocations=677 (full 4):
 PSYoungGen      total 2560K, used 488K [0x00000000d5580000, 0x00000000d5980000, 0x0000000100000000)
  eden space 2048K, 0% used [0x00000000d5580000,0x00000000d5580000,0x00000000d5780000)
  from space 512K, 95% used [0x00000000d5900000,0x00000000d597a1c0,0x00000000d5980000)
  to   space 1024K, 0% used [0x00000000d5780000,0x00000000d5780000,0x00000000d5880000)
 ParOldGen       total 446464K, used 446449K [0x0000000080000000, 0x000000009b400000, 0x00000000d5580000)
  object space 446464K, 99% used [0x0000000080000000,0x000000009b3fc408,0x000000009b400000)
 Metaspace       used 75370K, committed 77056K, reserved 1179648K
  class space    used 7949K, committed 8704K, reserved 1048576K
}
Event: 370.851 GC heap before
{Heap before GC invocations=678 (full 4):
 PSYoungGen      total 2560K, used 2536K [0x00000000d5580000, 0x00000000d5980000, 0x0000000100000000)
  eden space 2048K, 100% used [0x00000000d5580000,0x00000000d5780000,0x00000000d5780000)
  from space 512K, 95% used [0x00000000d5900000,0x00000000d597a1c0,0x00000000d5980000)
  to   space 1024K, 0% used [0x00000000d5780000,0x00000000d5780000,0x00000000d5880000)
 ParOldGen       total 446464K, used 446449K [0x0000000080000000, 0x000000009b400000, 0x00000000d5580000)
  object space 446464K, 99% used [0x0000000080000000,0x000000009b3fc408,0x000000009b400000)
 Metaspace       used 75457K, committed 77120K, reserved 1179648K
  class space    used 7972K, committed 8704K, reserved 1048576K
}
Event: 370.853 GC heap after
{Heap after GC invocations=678 (full 4):
 PSYoungGen      total 3072K, used 1014K [0x00000000d5580000, 0x00000000d5980000, 0x0000000100000000)
  eden space 2048K, 0% used [0x00000000d5580000,0x00000000d5580000,0x00000000d5780000)
  from space 1024K, 99% used [0x00000000d5780000,0x00000000d587d890,0x00000000d5880000)
  to   space 512K, 0% used [0x00000000d5900000,0x00000000d5900000,0x00000000d5980000)
 ParOldGen       total 447488K, used 447236K [0x0000000080000000, 0x000000009b500000, 0x00000000d5580000)
  object space 447488K, 99% used [0x0000000080000000,0x000000009b4c10d8,0x000000009b500000)
 Metaspace       used 75457K, committed 77120K, reserved 1179648K
  class space    used 7972K, committed 8704K, reserved 1048576K
}

