# JRE version: OpenJDK Runtime Environment Temurin-21.0.10+7 (21.0.10+7) (build 21.0.10+7-LTS)
# Java VM: OpenJDK 64-Bit Server VM Temurin-21.0.10+7 (21.0.10+7-LTS, mixed mode, sharing, tiered, compressed oops, compressed class ptrs, parallel gc, windows-amd64)
GC Precious Log:
 CardTable entry size: 512
 CPUs: 8 total, 8 available
 Memory: 8016M
 Large Page Support: Disabled
 NUMA Support: Disabled
 Compressed Oops: Enabled (32-bit)
 Alignments: Space 512K, Generation 512K, Heap 2M
 Heap Min Capacity: 100M
 Heap Initial Capacity: 100M
 Heap Max Capacity: 2G
 Pre-touch: Disabled
 Parallel Workers: 8
Heap:
 PSYoungGen      total 4096K, used 3744K [0x00000000d5580000, 0x00000000d5a80000, 0x0000000100000000)
  eden space 3072K, 100% used [0x00000000d5580000,0x00000000d5880000,0x00000000d5880000)
  from space 1024K, 65% used [0x00000000d5980000,0x00000000d5a28020,0x00000000d5a80000)
  to   space 1024K, 0% used [0x00000000d5880000,0x00000000d5880000,0x00000000d5980000)
 ParOldGen       total 454656K, used 454651K [0x0000000080000000, 0x000000009bc00000, 0x00000000d5580000)
  object space 454656K, 99% used [0x0000000080000000,0x000000009bbfeea0,0x000000009bc00000)
 Metaspace       used 76328K, committed 77888K, reserved 1179648K
  class space    used 8034K, committed 8704K, reserved 1048576K
GC Heap History (20 events):
Event: 131.878 GC heap before
{Heap before GC invocations=535 (full 3):
 PSYoungGen      total 4096K, used 3739K [0x00000000d5580000, 0x00000000d5a80000, 0x0000000100000000)
  eden space 3072K, 99% used [0x00000000d5580000,0x00000000d587ffd0,0x00000000d5880000)
  from space 1024K, 65% used [0x00000000d5880000,0x00000000d5926f10,0x00000000d5980000)
  to   space 1024K, 0% used [0x00000000d5980000,0x00000000d5980000,0x00000000d5a80000)
 ParOldGen       total 451072K, used 450987K [0x0000000080000000, 0x000000009b880000, 0x00000000d5580000)
  object space 451072K, 99% used [0x0000000080000000,0x000000009b86af98,0x000000009b880000)
 Metaspace       used 75905K, committed 77440K, reserved 1179648K
  class space    used 8004K, committed 8704K, reserved 1048576K
}
Event: 131.880 GC heap after
{Heap after GC invocations=535 (full 3):
 PSYoungGen      total 4096K, used 521K [0x00000000d5580000, 0x00000000d5a80000, 0x0000000100000000)
  eden space 3072K, 0% used [0x00000000d5580000,0x00000000d5580000,0x00000000d5880000)
  from space 1024K, 50% used [0x00000000d5980000,0x00000000d5a027e0,0x00000000d5a80000)
  to   space 1024K, 0% used [0x00000000d5880000,0x00000000d5880000,0x00000000d5980000)
 ParOldGen       total 451584K, used 451375K [0x0000000080000000, 0x000000009b900000, 0x00000000d5580000)
  object space 451584K, 99% used [0x0000000080000000,0x000000009b8cbfc0,0x000000009b900000)
 Metaspace       used 75905K, committed 77440K, reserved 1179648K
  class space    used 8004K, committed 8704K, reserved 1048576K
}
Event: 131.899 GC heap before
{Heap before GC invocations=536 (full 3):
 PSYoungGen      total 4096K, used 3593K [0x00000000d5580000, 0x00000000d5a80000, 0x0000000100000000)
  eden space 3072K, 100% used [0x00000000d5580000,0x00000000d5880000,0x00000000d5880000)
  from space 1024K, 50% used [0x00000000d5980000,0x00000000d5a027e0,0x00000000d5a80000)
  to   space 1024K, 0% used [0x00000000d5880000,0x00000000d5880000,0x00000000d5980000)
 ParOldGen       total 451584K, used 451375K [0x0000000080000000, 0x000000009b900000, 0x00000000d5580000)
  object space 451584K, 99% used [0x0000000080000000,0x000000009b8cbfc0,0x000000009b900000)
 Metaspace       used 75905K, committed 77440K, reserved 1179648K
  class space    used 8004K, committed 8704K, reserved 1048576K
}
Event: 131.902 GC heap after
{Heap after GC invocations=536 (full 3):
 PSYoungGen      total 4096K, used 562K [0x00000000d5580000, 0x00000000d5a80000, 0x0000000100000000)
  eden space 3072K, 0% used [0x00000000d5580000,0x00000000d5580000,0x00000000d5880000)
  from space 1024K, 54% used [0x00000000d5880000,0x00000000d590cbb8,0x00000000d5980000)
  to   space 1024K, 0% used [0x00000000d5980000,0x00000000d5980000,0x00000000d5a80000)
 ParOldGen       total 452096K, used 451615K [0x0000000080000000, 0x000000009b980000, 0x00000000d5580000)
  object space 452096K, 99% used [0x0000000080000000,0x000000009b907fc0,0x000000009b980000)
 Metaspace       used 75905K, committed 77440K, reserved 1179648K
  class space    used 8004K, committed 8704K, reserved 1048576K
}
Event: 131.920 GC heap before
{Heap before GC invocations=537 (full 3):
 PSYoungGen      total 4096K, used 3634K [0x00000000d5580000, 0x00000000d5a80000, 0x0000000100000000)
  eden space 3072K, 100% used [0x00000000d5580000,0x00000000d5880000,0x00000000d5880000)
  from space 1024K, 54% used [0x00000000d5880000,0x00000000d590cbb8,0x00000000d5980000)
  to   space 1024K, 0% used [0x00000000d5980000,0x00000000d5980000,0x00000000d5a80000)
 ParOldGen       total 452096K, used 451615K [0x0000000080000000, 0x000000009b980000, 0x00000000d5580000)
  object space 452096K, 99% used [0x0000000080000000,0x000000009b907fc0,0x000000009b980000)
 Metaspace       used 75907K, committed 77440K, reserved 1179648K
  class space    used 8004K, committed 8704K, reserved 1048576K
}
Event: 131.925 GC heap after
{Heap after GC invocations=537 (full 3):
 PSYoungGen      total 3584K, used 480K [0x00000000d5580000, 0x00000000d5a00000, 0x0000000100000000)
  eden space 3072K, 0% used [0x00000000d5580000,0x00000000d5580000,0x00000000d5880000)
  from space 512K, 93% used [0x00000000d5980000,0x00000000d59f8000,0x00000000d5a00000)
  to   space 512K, 0% used [0x00000000d5900000,0x00000000d5900000,0x00000000d5980000)
 ParOldGen       total 452096K, used 451959K [0x0000000080000000, 0x000000009b980000, 0x00000000d5580000)
  object space 452096K, 99% used [0x0000000080000000,0x000000009b95dfc0,0x000000009b980000)
 Metaspace       used 75907K, committed 77440K, reserved 1179648K
  class space    used 8004K, committed 8704K, reserved 1048576K
}
Event: 131.939 GC heap before
{Heap before GC invocations=538 (full 3):
 PSYoungGen      total 3584K, used 3551K [0x00000000d5580000, 0x00000000d5a00000, 0x0000000100000000)
  eden space 3072K, 99% used [0x00000000d5580000,0x00000000d587ffc0,0x00000000d5880000)
  from space 512K, 93% used [0x00000000d5980000,0x00000000d59f8000,0x00000000d5a00000)
  to   space 512K, 0% used [0x00000000d5900000,0x00000000d5900000,0x00000000d5980000)
 ParOldGen       total 452096K, used 451959K [0x0000000080000000, 0x000000009b980000, 0x00000000d5580000)
  object space 452096K, 99% used [0x0000000080000000,0x000000009b95dfc0,0x000000009b980000)
 Metaspace       used 75907K, committed 77440K, reserved 1179648K
  class space    used 8004K, committed 8704K, reserved 1048576K
}
Event: 131.942 GC heap after
{Heap after GC invocations=538 (full 3):
 PSYoungGen      total 3584K, used 448K [0x00000000d5580000, 0x00000000d5a00000, 0x0000000100000000)
  eden space 3072K, 0% used [0x00000000d5580000,0x00000000d5580000,0x00000000d5880000)
  from space 512K, 87% used [0x00000000d5900000,0x00000000d5970000,0x00000000d5980000)
  to   space 512K, 0% used [0x00000000d5980000,0x00000000d5980000,0x00000000d5a00000)
 ParOldGen       total 452608K, used 452303K [0x0000000080000000, 0x000000009ba00000, 0x00000000d5580000)
  object space 452608K, 99% used [0x0000000080000000,0x000000009b9b3fc0,0x000000009ba00000)
 Metaspace       used 75907K, committed 77440K, reserved 1179648K
  class space    used 8004K, committed 8704K, reserved 1048576K
}
Event: 131.972 GC heap before
{Heap before GC invocations=539 (full 3):
 PSYoungGen      total 3584K, used 3519K [0x00000000d5580000, 0x00000000d5a00000, 0x0000000100000000)
  eden space 3072K, 99% used [0x00000000d5580000,0x00000000d587fef8,0x00000000d5880000)
  from space 512K, 87% used [0x00000000d5900000,0x00000000d5970000,0x00000000d5980000)
  to   space 512K, 0% used [0x00000000d5980000,0x00000000d5980000,0x00000000d5a00000)
 ParOldGen       total 452608K, used 452303K [0x0000000080000000, 0x000000009ba00000, 0x00000000d5580000)
  object space 452608K, 99% used [0x0000000080000000,0x000000009b9b3fc0,0x000000009ba00000)
 Metaspace       used 75907K, committed 77440K, reserved 1179648K
  class space    used 8004K, committed 8704K, reserved 1048576K
}
Event: 131.975 GC heap after
{Heap after GC invocations=539 (full 3):
 PSYoungGen      total 3584K, used 448K [0x00000000d5580000, 0x00000000d5a00000, 0x0000000100000000)
  eden space 3072K, 0% used [0x00000000d5580000,0x00000000d5580000,0x00000000d5880000)
  from space 512K, 87% used [0x00000000d5980000,0x00000000d59f0000,0x00000000d5a00000)
  to   space 512K, 0% used [0x00000000d5900000,0x00000000d5900000,0x00000000d5980000)
 ParOldGen       total 452608K, used 452607K [0x0000000080000000, 0x000000009ba00000, 0x00000000d5580000)
  object space 452608K, 99% used [0x0000000080000000,0x000000009b9fffc0,0x000000009ba00000)
 Metaspace       used 75907K, committed 77440K, reserved 1179648K
  class space    used 8004K, committed 8704K, reserved 1048576K
}
Event: 132.017 GC heap before
{Heap before GC invocations=540 (full 3):
 PSYoungGen      total 3584K, used 3520K [0x00000000d5580000, 0x00000000d5a00000, 0x0000000100000000)
  eden space 3072K, 100% used [0x00000000d5580000,0x00000000d5880000,0x00000000d5880000)
  from space 512K, 87% used [0x00000000d5980000,0x00000000d59f0000,0x00000000d5a00000)
  to   space 512K, 0% used [0x00000000d5900000,0x00000000d5900000,0x00000000d5980000)
 ParOldGen       total 452608K, used 452607K [0x0000000080000000, 0x000000009ba00000, 0x00000000d5580000)
  object space 452608K, 99% used [0x0000000080000000,0x000000009b9fffc0,0x000000009ba00000)
 Metaspace       used 75918K, committed 77504K, reserved 1179648K
  class space    used 8006K, committed 8704K, reserved 1048576K
}
Event: 132.020 GC heap after
{Heap after GC invocations=540 (full 3):
 PSYoungGen      total 3584K, used 384K [0x00000000d5580000, 0x00000000d5a00000, 0x0000000100000000)
  eden space 3072K, 0% used [0x00000000d5580000,0x00000000d5580000,0x00000000d5880000)
  from space 512K, 75% used [0x00000000d5900000,0x00000000d5960000,0x00000000d5980000)
  to   space 512K, 0% used [0x00000000d5980000,0x00000000d5980000,0x00000000d5a00000)
 ParOldGen       total 453120K, used 452863K [0x0000000080000000, 0x000000009ba80000, 0x00000000d5580000)
  object space 453120K, 99% used [0x0000000080000000,0x000000009ba3ffc0,0x000000009ba80000)
 Metaspace       used 75918K, committed 77504K, reserved 1179648K
  class space    used 8006K, committed 8704K, reserved 1048576K
}
Event: 132.034 GC heap before
{Heap before GC invocations=541 (full 3):
 PSYoungGen      total 3584K, used 3456K [0x00000000d5580000, 0x00000000d5a00000, 0x0000000100000000)
  eden space 3072K, 100% used [0x00000000d5580000,0x00000000d5880000,0x00000000d5880000)
  from space 512K, 75% used [0x00000000d5900000,0x00000000d5960000,0x00000000d5980000)
  to   space 512K, 0% used [0x00000000d5980000,0x00000000d5980000,0x00000000d5a00000)
 ParOldGen       total 453120K, used 452863K [0x0000000080000000, 0x000000009ba80000, 0x00000000d5580000)
  object space 453120K, 99% used [0x0000000080000000,0x000000009ba3ffc0,0x000000009ba80000)
 Metaspace       used 75941K, committed 77504K, reserved 1179648K
  class space    used 8011K, committed 8704K, reserved 1048576K
}
Event: 132.037 GC heap after
{Heap after GC invocations=541 (full 3):
 PSYoungGen      total 3584K, used 448K [0x00000000d5580000, 0x00000000d5a00000, 0x0000000100000000)
  eden space 3072K, 0% used [0x00000000d5580000,0x00000000d5580000,0x00000000d5880000)
  from space 512K, 87% used [0x00000000d5980000,0x00000000d59f0000,0x00000000d5a00000)
  to   space 512K, 0% used [0x00000000d5900000,0x00000000d5900000,0x00000000d5980000)
 ParOldGen       total 453632K, used 453127K [0x0000000080000000, 0x000000009bb00000, 0x00000000d5580000)
  object space 453632K, 99% used [0x0000000080000000,0x000000009ba81fc0,0x000000009bb00000)
 Metaspace       used 75941K, committed 77504K, reserved 1179648K
  class space    used 8011K, committed 8704K, reserved 1048576K
}
Event: 132.052 GC heap before
{Heap before GC invocations=542 (full 3):
 PSYoungGen      total 3584K, used 3520K [0x00000000d5580000, 0x00000000d5a00000, 0x0000000100000000)
  eden space 3072K, 100% used [0x00000000d5580000,0x00000000d5880000,0x00000000d5880000)
  from space 512K, 87% used [0x00000000d5980000,0x00000000d59f0000,0x00000000d5a00000)
  to   space 512K, 0% used [0x00000000d5900000,0x00000000d5900000,0x00000000d5980000)
 ParOldGen       total 453632K, used 453301K [0x0000000080000000, 0x000000009bb00000, 0x00000000d5580000)
  object space 453632K, 99% used [0x0000000080000000,0x000000009baad710,0x000000009bb00000)
 Metaspace       used 76130K, committed 77696K, reserved 1179648K
  class space    used 8021K, committed 8704K, reserved 1048576K
}
Event: 132.055 GC heap after
{Heap after GC invocations=542 (full 3):
 PSYoungGen      total 3584K, used 333K [0x00000000d5580000, 0x00000000d5a00000, 0x0000000100000000)
  eden space 3072K, 0% used [0x00000000d5580000,0x00000000d5580000,0x00000000d5880000)
  from space 512K, 65% used [0x00000000d5900000,0x00000000d59535e0,0x00000000d5980000)
  to   space 512K, 0% used [0x00000000d5980000,0x00000000d5980000,0x00000000d5a00000)
 ParOldGen       total 453632K, used 453629K [0x0000000080000000, 0x000000009bb00000, 0x00000000d5580000)
  object space 453632K, 99% used [0x0000000080000000,0x000000009baff710,0x000000009bb00000)
 Metaspace       used 76130K, committed 77696K, reserved 1179648K
  class space    used 8021K, committed 8704K, reserved 1048576K
}
Event: 132.098 GC heap before
{Heap before GC invocations=543 (full 3):
 PSYoungGen      total 3584K, used 3405K [0x00000000d5580000, 0x00000000d5a00000, 0x0000000100000000)
  eden space 3072K, 100% used [0x00000000d5580000,0x00000000d5880000,0x00000000d5880000)
  from space 512K, 65% used [0x00000000d5900000,0x00000000d59535e0,0x00000000d5980000)
  to   space 512K, 0% used [0x00000000d5980000,0x00000000d5980000,0x00000000d5a00000)
 ParOldGen       total 454144K, used 453632K [0x0000000080000000, 0x000000009bb80000, 0x00000000d5580000)
  object space 454144K, 99% used [0x0000000080000000,0x000000009bb00100,0x000000009bb80000)
 Metaspace       used 76156K, committed 77696K, reserved 1179648K
  class space    used 8027K, committed 8704K, reserved 1048576K
}
Event: 132.100 GC heap after
{Heap after GC invocations=543 (full 3):
 PSYoungGen      total 3584K, used 480K [0x00000000d5580000, 0x00000000d5a00000, 0x0000000100000000)
  eden space 3072K, 0% used [0x00000000d5580000,0x00000000d5580000,0x00000000d5880000)
  from space 512K, 93% used [0x00000000d5980000,0x00000000d59f8000,0x00000000d5a00000)
  to   space 512K, 0% used [0x00000000d5900000,0x00000000d5900000,0x00000000d5980000)
 ParOldGen       total 454144K, used 453816K [0x0000000080000000, 0x000000009bb80000, 0x00000000d5580000)
  object space 454144K, 99% used [0x0000000080000000,0x000000009bb2e100,0x000000009bb80000)
 Metaspace       used 76156K, committed 77696K, reserved 1179648K
  class space    used 8027K, committed 8704K, reserved 1048576K
}
Event: 132.121 GC heap before
{Heap before GC invocations=544 (full 3):
 PSYoungGen      total 3584K, used 3551K [0x00000000d5580000, 0x00000000d5a00000, 0x0000000100000000)
  eden space 3072K, 99% used [0x00000000d5580000,0x00000000d587fce0,0x00000000d5880000)
  from space 512K, 93% used [0x00000000d5980000,0x00000000d59f8000,0x00000000d5a00000)
  to   space 512K, 0% used [0x00000000d5900000,0x00000000d5900000,0x00000000d5980000)
 ParOldGen       total 454144K, used 453816K [0x0000000080000000, 0x000000009bb80000, 0x00000000d5580000)
  object space 454144K, 99% used [0x0000000080000000,0x000000009bb2e100,0x000000009bb80000)
 Metaspace       used 76260K, committed 77824K, reserved 1179648K
  class space    used 8031K, committed 8704K, reserved 1048576K
}
Event: 132.124 GC heap after
{Heap after GC invocations=544 (full 3):
 PSYoungGen      total 3584K, used 492K [0x00000000d5580000, 0x00000000d5a80000, 0x0000000100000000)
  eden space 3072K, 0% used [0x00000000d5580000,0x00000000d5580000,0x00000000d5880000)
  from space 512K, 96% used [0x00000000d5900000,0x00000000d597b068,0x00000000d5980000)
  to   space 1024K, 0% used [0x00000000d5980000,0x00000000d5980000,0x00000000d5a80000)
 ParOldGen       total 454656K, used 454203K [0x0000000080000000, 0x000000009bc00000, 0x00000000d5580000)
  object space 454656K, 99% used [0x0000000080000000,0x000000009bb8ee98,0x000000009bc00000)
 Metaspace       used 76260K, committed 77824K, reserved 1179648K
  class space    used 8031K, committed 8704K, reserved 1048576K
}

